Time resolution is 1 ps
A: 0101
B: 1001
Cin: 0

Sum: 1110
Cout: 0

-------------------------

A: 0011
B: 1001
Cin: 1

Sum: 1101
Cout: 0

-------------------------

A: 0011
B: 1001
Cin: 1

Sum: 1101
Cout: 0

-------------------------

A: 0110
B: 1011
Cin: 1

Sum: 0010
Cout: 1

-------------------------

A: 0110
B: 1011
Cin: 1

Sum: 0010
Cout: 1

-------------------------

A: 0110
B: 1011
Cin: 1

Sum: 0010
Cout: 1

-------------------------

A: 1001
B: 0101
Cin: 0

Sum: 1110
Cout: 0

-------------------------

A: 1001
B: 0101
Cin: 0

Sum: 1110
Cout: 0

-------------------------

A: 1001
B: 0101
Cin: 0

Sum: 1110
Cout: 0

-------------------------

A: 1001
B: 0101
Cin: 0

Sum: 1110
Cout: 0

-------------------------

